[debug] > Exec(;set _root_.scala.collection.Seq(historyPath := None,shellPrompt := { _ => "" },SettingKey[_root_.scala.Option[_root_.sbt.File]]("sbtStructureOutputFile") in _root_.sbt.Global := _root_.scala.Some(_root_.sbt.file("C:/Users/vanha/AppData/Local/Temp/sbt-structure.xml")),SettingKey[_root_.java.lang.String]("sbtStructureOptions") in _root_.sbt.Global := "download, resolveSourceClassifiers");apply -cp "C:/Users/vanha/AppData/Roaming/JetBrains/IntelliJIdea2024.2/plugins/Scala/repo/org/jetbrains/scala/sbt-structure-extractor_2.12_1.3/2024.2.2/sbt-structure-extractor-2024.2.2.jar" "org.jetbrains.sbt.CreateTasks" "sbt.jetbrains.LogDownloadArtifacts";preferScala2;*/*:dumpStructure, Some(ee5a6d85-ed33-41ad-a84d-e59744370814), Some(CommandSource(console0)))
[debug] > Exec(set _root_.scala.collection.Seq(historyPath := None,shellPrompt := { _ => "" },SettingKey[_root_.scala.Option[_root_.sbt.File]]("sbtStructureOutputFile") in _root_.sbt.Global := _root_.scala.Some(_root_.sbt.file("C:/Users/vanha/AppData/Local/Temp/sbt-structure.xml")),SettingKey[_root_.java.lang.String]("sbtStructureOptions") in _root_.sbt.Global := "download, resolveSourceClassifiers"), None, Some(CommandSource(console0)))
[info] Defining Global / sbtStructureOptions, Global / sbtStructureOutputFile and 1 others.
[info] The new values will be used by cleanKeepGlobs
[info] 	Run `last` for details.
[debug] Defining 
[debug] 	Global / sbtStructureOptions
[debug] 	Global / sbtStructureOutputFile
[debug] 	history
[debug] 	shellPrompt
[debug] 
[debug] The new values will be used by 
[debug] 	cleanKeepGlobs
[info] Reapplying settings...
[info] set current project to BigDataProjectScalaAirflow (in build file:/D:/ScalaAirflowPro/airflow/jobs/BigDataProjDeltaScala/)
[debug] > Exec(apply -cp "C:/Users/vanha/AppData/Roaming/JetBrains/IntelliJIdea2024.2/plugins/Scala/repo/org/jetbrains/scala/sbt-structure-extractor_2.12_1.3/2024.2.2/sbt-structure-extractor-2024.2.2.jar" "org.jetbrains.sbt.CreateTasks" "sbt.jetbrains.LogDownloadArtifacts", None, Some(CommandSource(console0)))
[info] Applying State transformations org.jetbrains.sbt.CreateTasks, sbt.jetbrains.LogDownloadArtifacts from C:/Users/vanha/AppData/Roaming/JetBrains/IntelliJIdea2024.2/plugins/Scala/repo/org/jetbrains/scala/sbt-structure-extractor_2.12_1.3/2024.2.2/sbt-structure-extractor-2024.2.2.jar
[info] Reapplying settings...
[info] set current project to BigDataProjectScalaAirflow (in build file:/D:/ScalaAirflowPro/airflow/jobs/BigDataProjDeltaScala/)
[info] Reapplying settings...
[info] set current project to BigDataProjectScalaAirflow (in build file:/D:/ScalaAirflowPro/airflow/jobs/BigDataProjDeltaScala/)
[debug] > Exec(preferScala2, None, Some(CommandSource(console0)))
[debug] > Exec(*/*:dumpStructure, None, Some(CommandSource(console0)))
[debug] Evaluating tasks: Global / dumpStructure
[warn] sbt 0.13 shell syntax is deprecated; use slash syntax instead: Global / dumpStructure
[debug] Running task... Cancel: Signal, check cycles: false, forcegc: true
[info] downloading https://repo1.maven.org/maven2/org/tpolecat/skunk-core_2.12/0.6.4/skunk-core_2.12-0.6.4.pom
[info] downloaded https://repo1.maven.org/maven2/org/tpolecat/skunk-core_2.12/0.6.4/skunk-core_2.12-0.6.4.pom
[info] downloading https://repo1.maven.org/maven2/com/ongres/scram/client/2.1/client-2.1.pom
[info] downloading https://repo1.maven.org/maven2/org/scodec/scodec-bits_2.12/1.1.38/scodec-bits_2.12-1.1.38.pom
[info] downloading https://repo1.maven.org/maven2/com/beachape/enumeratum_2.12/1.7.3/enumeratum_2.12-1.7.3.pom
[info] downloading https://repo1.maven.org/maven2/org/typelevel/cats-core_2.12/2.10.0/cats-core_2.12-2.10.0.pom
[info] downloading https://repo1.maven.org/maven2/org/tpolecat/natchez-core_2.12/0.3.5/natchez-core_2.12-0.3.5.pom
[info] downloading https://repo1.maven.org/maven2/org/tpolecat/sourcepos_2.12/1.1.0/sourcepos_2.12-1.1.0.pom
[info] downloaded https://repo1.maven.org/maven2/com/ongres/scram/client/2.1/client-2.1.pom
[info] downloading https://repo1.maven.org/maven2/org/typelevel/twiddles-core_2.12/0.6.2/twiddles-core_2.12-0.6.2.pom
[info] downloaded https://repo1.maven.org/maven2/org/tpolecat/sourcepos_2.12/1.1.0/sourcepos_2.12-1.1.0.pom
[info] downloading https://repo1.maven.org/maven2/org/typelevel/cats-effect_2.12/3.5.4/cats-effect_2.12-3.5.4.pom
[info] downloaded https://repo1.maven.org/maven2/org/typelevel/cats-core_2.12/2.10.0/cats-core_2.12-2.10.0.pom
[info] downloading https://repo1.maven.org/maven2/org/scodec/scodec-cats_2.12/1.2.0/scodec-cats_2.12-1.2.0.pom
[info] downloaded https://repo1.maven.org/maven2/org/scodec/scodec-bits_2.12/1.1.38/scodec-bits_2.12-1.1.38.pom
[info] downloaded https://repo1.maven.org/maven2/org/typelevel/cats-effect_2.12/3.5.4/cats-effect_2.12-3.5.4.pom
[info] downloading https://repo1.maven.org/maven2/co/fs2/fs2-core_2.12/3.10.2/fs2-core_2.12-3.10.2.pom
[info] downloaded https://repo1.maven.org/maven2/org/typelevel/twiddles-core_2.12/0.6.2/twiddles-core_2.12-0.6.2.pom
[info] downloaded https://repo1.maven.org/maven2/org/tpolecat/natchez-core_2.12/0.3.5/natchez-core_2.12-0.3.5.pom
[info] downloaded https://repo1.maven.org/maven2/org/scodec/scodec-cats_2.12/1.2.0/scodec-cats_2.12-1.2.0.pom
[info] downloaded https://repo1.maven.org/maven2/com/beachape/enumeratum_2.12/1.7.3/enumeratum_2.12-1.7.3.pom
[info] downloading https://repo1.maven.org/maven2/org/scodec/scodec-core_2.12/1.11.10/scodec-core_2.12-1.11.10.pom
[info] downloading https://repo1.maven.org/maven2/co/fs2/fs2-io_2.12/3.10.2/fs2-io_2.12-3.10.2.pom
[info] downloaded https://repo1.maven.org/maven2/co/fs2/fs2-core_2.12/3.10.2/fs2-core_2.12-3.10.2.pom
[info] downloaded https://repo1.maven.org/maven2/org/scodec/scodec-core_2.12/1.11.10/scodec-core_2.12-1.11.10.pom
[info] downloaded https://repo1.maven.org/maven2/co/fs2/fs2-io_2.12/3.10.2/fs2-io_2.12-3.10.2.pom
[info] downloading https://repo1.maven.org/maven2/com/ongres/scram/parent/2.1/parent-2.1.pom
[info] downloaded https://repo1.maven.org/maven2/com/ongres/scram/parent/2.1/parent-2.1.pom
[info] downloading https://repo1.maven.org/maven2/org/typelevel/cats-effect-kernel_2.12/3.5.4/cats-effect-kernel_2.12-3.5.4.pom
[info] downloading https://repo1.maven.org/maven2/org/typelevel/case-insensitive_2.12/1.4.0/case-insensitive_2.12-1.4.0.pom
[info] downloading https://repo1.maven.org/maven2/com/comcast/ip4s-core_2.12/3.5.0/ip4s-core_2.12-3.5.0.pom
[info] downloading https://repo1.maven.org/maven2/com/ongres/scram/common/2.1/common-2.1.pom
[info] downloading https://repo1.maven.org/maven2/com/beachape/enumeratum-macros_2.12/1.6.4/enumeratum-macros_2.12-1.6.4.pom
[info] downloading https://repo1.maven.org/maven2/org/typelevel/cats-kernel_2.12/2.10.0/cats-kernel_2.12-2.10.0.pom
[info] downloaded https://repo1.maven.org/maven2/org/typelevel/cats-kernel_2.12/2.10.0/cats-kernel_2.12-2.10.0.pom
[info] downloading https://repo1.maven.org/maven2/org/typelevel/cats-effect-std_2.12/3.5.4/cats-effect-std_2.12-3.5.4.pom
[info] downloaded https://repo1.maven.org/maven2/org/typelevel/cats-effect-kernel_2.12/3.5.4/cats-effect-kernel_2.12-3.5.4.pom
[info] downloaded https://repo1.maven.org/maven2/com/comcast/ip4s-core_2.12/3.5.0/ip4s-core_2.12-3.5.0.pom
[info] downloaded https://repo1.maven.org/maven2/org/typelevel/cats-effect-std_2.12/3.5.4/cats-effect-std_2.12-3.5.4.pom
[info] downloaded https://repo1.maven.org/maven2/org/typelevel/case-insensitive_2.12/1.4.0/case-insensitive_2.12-1.4.0.pom
[info] downloaded https://repo1.maven.org/maven2/com/ongres/scram/common/2.1/common-2.1.pom
[info] downloaded https://repo1.maven.org/maven2/com/beachape/enumeratum-macros_2.12/1.6.4/enumeratum-macros_2.12-1.6.4.pom
[info] downloading https://repo1.maven.org/maven2/com/ongres/stringprep/saslprep/1.1/saslprep-1.1.pom
[info] downloading https://repo1.maven.org/maven2/org/typelevel/literally_2.12/1.1.0/literally_2.12-1.1.0.pom
[info] downloaded https://repo1.maven.org/maven2/com/ongres/stringprep/saslprep/1.1/saslprep-1.1.pom
[info] downloaded https://repo1.maven.org/maven2/org/typelevel/literally_2.12/1.1.0/literally_2.12-1.1.0.pom
[info] downloading https://repo1.maven.org/maven2/com/ongres/stringprep/parent/1.1/parent-1.1.pom
[info] downloaded https://repo1.maven.org/maven2/com/ongres/stringprep/parent/1.1/parent-1.1.pom
[info] downloading https://repo1.maven.org/maven2/com/ongres/stringprep/stringprep/1.1/stringprep-1.1.pom
[info] downloaded https://repo1.maven.org/maven2/com/ongres/stringprep/stringprep/1.1/stringprep-1.1.pom
