[debug] > Exec(early(addDefaultCommands), None, None)
[debug] > Exec(addDefaultCommands, None, None)
[debug] > Exec(early(initialize), None, None)
[debug] > Exec(initialize, None, None)
[debug] > Exec(early(addPluginSbtFile="""C:\Users\vanha\AppData\Local\Temp\idea1.sbt"""), None, None)
[debug] > Exec(addPluginSbtFile="""C:\Users\vanha\AppData\Local\Temp\idea1.sbt""", None, None)
[debug] > Exec(boot, None, None)
[debug] > Exec(writeSbtVersion, None, None)
[debug] > Exec(reload, None, None)
[debug] > Exec(sbtStashOnFailure, None, None)
[debug] > Exec(onFailure loadFailed, None, None)
[debug] > Exec(loadp, None, None)
[info] welcome to sbt 1.10.1 (Oracle Corporation Java 23)
[debug] Load.defaultLoad until apply took 189.0862ms
[debug]           Load.loadUnit: plugins took 163.3305ms
[debug]           Load.loadUnit: defsScala took 0.5796ms
[debug] [Loading] Scanning directory D:\ScalaAirflowPro\airflow\jobs\BigDataProjDeltaScala\project
[debug]             Load.loadUnit: mkEval took 9.6153ms
[debug] [Loading] Found non-root projects 
[debug] [Loading] Done in D:\ScalaAirflowPro\airflow\jobs\BigDataProjDeltaScala\project, returning: ()
[debug] deducing auto plugins based on known facts Set(Atom(sbt.plugins.CorePlugin)) and clauses Clauses(Clause(Atom(sbt.plugins.JvmPlugin),Set(Atom(sbt.plugins.IvyPlugin)))
[debug] Clause(Atom(sbt.ScriptedPlugin),Set(Atom(sbt.plugins.JvmPlugin)))
[debug] Clause(Atom(sbt.plugins.SbtPlugin),Set(Atom(sbt.ScriptedPlugin)))
[debug] Clause(Atom(sbt.plugins.SemanticdbPlugin),Set(Atom(sbt.plugins.JvmPlugin)))
[debug] Clause(Atom(sbt.plugins.JUnitXmlReportPlugin),Set(Atom(sbt.plugins.JvmPlugin)))
[debug] Clause(Atom(sbt.plugins.MiniDependencyTreePlugin),Set(Atom(sbt.plugins.JvmPlugin)))
[debug] Clause(Atom(sbt.plugins.CorePlugin),Set(Atom(sbt.plugins.IvyPlugin)))
[debug] Clause(Atom(sbt.plugins.IvyPlugin),Set(Atom(sbt.plugins.JvmPlugin)))
[debug] Clause(Atom(sbt.plugins.JvmPlugin),Set(Atom(sbt.plugins.SemanticdbPlugin)))
[debug] Clause(Atom(sbt.plugins.JvmPlugin),Set(Atom(sbt.plugins.JUnitXmlReportPlugin)))
[debug] Clause(Atom(sbt.plugins.CorePlugin),Set(Atom(sbt.plugins.Giter8TemplatePlugin)))
[debug] Clause(Atom(sbt.plugins.JvmPlugin),Set(Atom(sbt.plugins.MiniDependencyTreePlugin))))
[debug]   :: deduced result: Matched(sbt.plugins.CorePlugin,sbt.plugins.Giter8TemplatePlugin,sbt.plugins.IvyPlugin,sbt.plugins.JvmPlugin,sbt.plugins.MiniDependencyTreePlugin,sbt.plugins.JUnitXmlReportPlugin,sbt.plugins.SemanticdbPlugin)
[debug] Plugins.deducer#function took 34.8796 ms
[info] loading settings for project bigdataprojdeltascala-build from plugins.sbt,idea1.sbt ...
[debug]               Load.resolveProject(bigdataprojdeltascala-build) took 80.8906ms
[debug]             Load.loadTransitive: finalizeProject(Project(id bigdataprojdeltascala-build, base: D:\ScalaAirflowPro\airflow\jobs\BigDataProjDeltaScala\project, plugins: List(<none>))) took 135.8466ms
[debug] [Loading] Done in D:\ScalaAirflowPro\airflow\jobs\BigDataProjDeltaScala\project, returning: (bigdataprojdeltascala-build)
[debug]           Load.loadUnit: loadedProjectsRaw took 5361.4211ms
[debug]           Load.loadUnit: cleanEvalClasses took 14.8853ms
[debug]         Load.loadUnit(file:/D:/ScalaAirflowPro/airflow/jobs/BigDataProjDeltaScala/project/, ...) took 5549.567ms
[debug]       Load.apply: load took 5844.465ms
[debug]       Load.apply: resolveProjects took 12.3812ms
[debug]       Load.apply: finalTransforms took 145.7734ms
[debug]       Load.apply: config.delegates took 15.8538ms
[debug]       Load.apply: Def.make(settings)... took 903.2162ms
[debug]       Load.apply: structureIndex took 173.5648ms
[debug]       Load.apply: mkStreams took 2.1702ms
[info] loading project definition from D:\ScalaAirflowPro\airflow\jobs\BigDataProjDeltaScala\project
[debug] Running task... Cancel: Signal, check cycles: false, forcegc: true
[debug]     Load.loadUnit: plugins took 11105.9416ms
[debug]     Load.loadUnit: defsScala took 0.0079ms
[debug] [Loading] Scanning directory D:\ScalaAirflowPro\airflow\jobs\BigDataProjDeltaScala
[debug]       Load.loadUnit: mkEval took 0.4481ms
[debug] [Loading] Found root project root w/ remaining 
[debug] deducing auto plugins based on known facts Set(Atom(sbt.plugins.CorePlugin)) and clauses Clauses(Clause(Atom(sbt.plugins.JvmPlugin),Set(Atom(sbt.plugins.IvyPlugin)))
[debug] Clause(Atom(sbt.ScriptedPlugin),Set(Atom(sbt.plugins.JvmPlugin)))
[debug] Clause(Atom(sbt.plugins.SbtPlugin),Set(Atom(sbt.ScriptedPlugin)))
[debug] Clause(Atom(sbt.plugins.SemanticdbPlugin),Set(Atom(sbt.plugins.JvmPlugin)))
[debug] Clause(Atom(sbt.plugins.JUnitXmlReportPlugin),Set(Atom(sbt.plugins.JvmPlugin)))
[debug] Clause(Atom(sbt.plugins.MiniDependencyTreePlugin),Set(Atom(sbt.plugins.JvmPlugin)))
[debug] Clause(Atom(sbtassembly.AssemblyPlugin),Set(Atom(sbt.plugins.JvmPlugin)))
[debug] Clause(Atom(org.jetbrains.sbt.StructurePlugin),Set(Atom(sbt.plugins.JvmPlugin)))
[debug] Clause(Atom(org.jetbrains.sbt.IdeaShellPlugin),Set(Atom(sbt.plugins.JvmPlugin)))
[debug] Clause(Atom(sbt.plugins.CorePlugin),Set(Atom(sbt.plugins.IvyPlugin)))
[debug] Clause(Atom(sbt.plugins.IvyPlugin),Set(Atom(sbt.plugins.JvmPlugin)))
[debug] Clause(Atom(sbt.plugins.JvmPlugin),Set(Atom(sbt.plugins.SemanticdbPlugin)))
[debug] Clause(Atom(sbt.plugins.JvmPlugin),Set(Atom(sbt.plugins.JUnitXmlReportPlugin)))
[debug] Clause(Atom(sbt.plugins.CorePlugin),Set(Atom(sbt.plugins.Giter8TemplatePlugin)))
[debug] Clause(Atom(sbt.plugins.JvmPlugin),Set(Atom(sbt.plugins.MiniDependencyTreePlugin)))
[debug] Clause(Atom(sbt.plugins.JvmPlugin),Set(Atom(sbtassembly.AssemblyPlugin)))
[debug] Clause(Atom(sbt.plugins.JvmPlugin),Set(Atom(org.jetbrains.sbt.StructurePlugin)))
[debug] Clause(Atom(sbt.plugins.JvmPlugin),Set(Atom(org.jetbrains.sbt.IdeaShellPlugin))))
[debug]   :: deduced result: Matched(sbt.plugins.CorePlugin,sbt.plugins.Giter8TemplatePlugin,sbt.plugins.IvyPlugin,sbt.plugins.JvmPlugin,sbt.plugins.SemanticdbPlugin,sbt.plugins.JUnitXmlReportPlugin,sbtassembly.AssemblyPlugin,org.jetbrains.sbt.IdeaShellPlugin,org.jetbrains.sbt.StructurePlugin,sbt.plugins.MiniDependencyTreePlugin)
[debug] Plugins.deducer#function took 5.5524 ms
[info] loading settings for project root from build.sbt ...
[debug]         Load.resolveProject(root) took 127.4677ms
[debug]       Load.loadTransitive: finalizeProject(Project(id root, base: D:\ScalaAirflowPro\airflow\jobs\BigDataProjDeltaScala, plugins: List(<none>))) took 135.4278ms
[debug] [Loading] Done in D:\ScalaAirflowPro\airflow\jobs\BigDataProjDeltaScala, returning: (root)
[debug]     Load.loadUnit: loadedProjectsRaw took 4775.0874ms
[debug]     Load.loadUnit: cleanEvalClasses took 36.4499ms
[debug]   Load.loadUnit(file:/D:/ScalaAirflowPro/airflow/jobs/BigDataProjDeltaScala/, ...) took 15920.8969ms
[debug] Load.apply: load took 15965.8718ms
[debug] Load.apply: resolveProjects took 0.2041ms
[debug] Load.apply: finalTransforms took 92.3448ms
[debug] Load.apply: config.delegates took 0.9382ms
[debug] Load.apply: Def.make(settings)... took 245.5478ms
[debug] Load.apply: structureIndex took 63.9392ms
[debug] Load.apply: mkStreams took 0.0038ms
[info] set current project to BigDataProjectScalaAirflow (in build file:/D:/ScalaAirflowPro/airflow/jobs/BigDataProjDeltaScala/)
[debug] > Exec(sbtPopOnFailure, None, None)
[debug] > Exec(resumeFromFailure, None, None)
[debug] > Exec(notifyUsersAboutShell, None, None)
[debug] > Exec(iflast shell, None, None)
[debug] > Exec(idea-shell, None, None)
