[debug] > Exec(assembly, None, None)
[debug] Evaluating tasks: assembly
[debug] Running task... Cancel: Signal, check cycles: false, forcegc: true
[info] compiling 6 Scala sources to D:\ScalaAirflowPro\airflow\jobs\BigDataProjDeltaScala\target\scala-2.12\classes ...
[info] Non-compiled module 'compiler-bridge_2.12' for Scala 2.12.19. Compiling...
[info]   Compilation completed in 14.332s.
[info] done compiling
[warn] multiple main classes detected: run 'show discoveredMainClasses' to see the list
[error] 13 error(s) were encountered during the merge:
[error] java.lang.RuntimeException: 
[error] Deduplicate found different file contents in the following:
[error]   Jar name = commons-logging-1.1.3.jar, jar org = commons-logging, entry target = org/apache/commons/logging/impl/SimpleLog$1.class
[error]   Jar name = jcl-over-slf4j-1.7.32.jar, jar org = org.slf4j, entry target = org/apache/commons/logging/impl/SimpleLog$1.class
[error] Deduplicate found different file contents in the following:
[error]   Jar name = commons-logging-1.1.3.jar, jar org = commons-logging, entry target = org/apache/commons/logging/Log.class
[error]   Jar name = jcl-over-slf4j-1.7.32.jar, jar org = org.slf4j, entry target = org/apache/commons/logging/Log.class
[error] Deduplicate found different file contents in the following:
[error]   Jar name = commons-logging-1.1.3.jar, jar org = commons-logging, entry target = org/apache/commons/logging/impl/NoOpLog.class
[error]   Jar name = jcl-over-slf4j-1.7.32.jar, jar org = org.slf4j, entry target = org/apache/commons/logging/impl/NoOpLog.class
[error] Deduplicate found different file contents in the following:
[error]   Jar name = jackson-annotations-2.13.3.jar, jar org = com.fasterxml.jackson.core, entry target = module-info.class
[error]   Jar name = gson-2.8.6.jar, jar org = com.google.code.gson, entry target = module-info.class
[error]   Jar name = compress-lzf-1.1.jar, jar org = com.ning, entry target = module-info.class
[error]   Jar name = jakarta.ws.rs-api-2.1.6.jar, jar org = jakarta.ws.rs, entry target = module-info.class
[error]   Jar name = threeten-extra-1.5.0.jar, jar org = org.threeten, entry target = module-info.class
[error] Deduplicate found different file contents in the following:
[error]   Jar name = spark-catalyst_2.12-3.3.0.jar, jar org = org.apache.spark, entry target = org/apache/spark/unused/UnusedStubClass.class
[error]   Jar name = spark-core_2.12-3.3.0.jar, jar org = org.apache.spark, entry target = org/apache/spark/unused/UnusedStubClass.class
[error]   Jar name = spark-kvstore_2.12-3.3.0.jar, jar org = org.apache.spark, entry target = org/apache/spark/unused/UnusedStubClass.class
[error]   Jar name = spark-launcher_2.12-3.3.0.jar, jar org = org.apache.spark, entry target = org/apache/spark/unused/UnusedStubClass.class
[error]   Jar name = spark-network-common_2.12-3.3.0.jar, jar org = org.apache.spark, entry target = org/apache/spark/unused/UnusedStubClass.class
[error]   Jar name = spark-network-shuffle_2.12-3.3.0.jar, jar org = org.apache.spark, entry target = org/apache/spark/unused/UnusedStubClass.class
[error]   Jar name = spark-sketch_2.12-3.3.0.jar, jar org = org.apache.spark, entry target = org/apache/spark/unused/UnusedStubClass.class
[error]   Jar name = spark-sql_2.12-3.3.0.jar, jar org = org.apache.spark, entry target = org/apache/spark/unused/UnusedStubClass.class
[error]   Jar name = spark-tags_2.12-3.3.0.jar, jar org = org.apache.spark, entry target = org/apache/spark/unused/UnusedStubClass.class
[error]   Jar name = spark-unsafe_2.12-3.3.0.jar, jar org = org.apache.spark, entry target = org/apache/spark/unused/UnusedStubClass.class
[error]   Jar name = unused-1.0.0.jar, jar org = org.spark-project.spark, entry target = org/apache/spark/unused/UnusedStubClass.class
[error] Deduplicate found different file contents in the following:
[error]   Jar name = commons-logging-1.1.3.jar, jar org = commons-logging, entry target = org/apache/commons/logging/LogFactory.class
[error]   Jar name = jcl-over-slf4j-1.7.32.jar, jar org = org.slf4j, entry target = org/apache/commons/logging/LogFactory.class
[error] Deduplicate found different file contents in the following:
[error]   Jar name = commons-logging-1.1.3.jar, jar org = commons-logging, entry target = org/apache/commons/logging/LogConfigurationException.class
[error]   Jar name = jcl-over-slf4j-1.7.32.jar, jar org = org.slf4j, entry target = org/apache/commons/logging/LogConfigurationException.class
[error] Deduplicate found different file contents in the following:
[error]   Jar name = commons-logging-1.1.3.jar, jar org = commons-logging, entry target = org/apache/commons/logging/impl/SimpleLog.class
[error]   Jar name = jcl-over-slf4j-1.7.32.jar, jar org = org.slf4j, entry target = org/apache/commons/logging/impl/SimpleLog.class
[error] Deduplicate found different file contents in the following:
[error]   Jar name = jakarta.annotation-api-1.3.5.jar, jar org = jakarta.annotation, entry target = javax/annotation/Resource$AuthenticationType.class
[error]   Jar name = javax.annotation-api-1.3.2.jar, jar org = javax.annotation, entry target = javax/annotation/Resource$AuthenticationType.class
[error] Deduplicate found different file contents in the following:
[error]   Jar name = jackson-core-2.13.3.jar, jar org = com.fasterxml.jackson.core, entry target = META-INF/versions/9/module-info.class
[error]   Jar name = jackson-databind-2.13.3.jar, jar org = com.fasterxml.jackson.core, entry target = META-INF/versions/9/module-info.class
[error]   Jar name = log4j-api-2.17.2.jar, jar org = org.apache.logging.log4j, entry target = META-INF/versions/9/module-info.class
[error]   Jar name = xz-1.9.jar, jar org = org.tukaani, entry target = META-INF/versions/9/module-info.class
[error] Deduplicate found different file contents in the following:
[error]   Jar name = netty-all-4.1.74.Final.jar, jar org = io.netty, entry target = META-INF/io.netty.versions.properties
[error]   Jar name = netty-buffer-4.1.74.Final.jar, jar org = io.netty, entry target = META-INF/io.netty.versions.properties
[error]   Jar name = netty-codec-4.1.74.Final.jar, jar org = io.netty, entry target = META-INF/io.netty.versions.properties
[error]   Jar name = netty-common-4.1.74.Final.jar, jar org = io.netty, entry target = META-INF/io.netty.versions.properties
[error]   Jar name = netty-handler-4.1.74.Final.jar, jar org = io.netty, entry target = META-INF/io.netty.versions.properties
[error]   Jar name = netty-resolver-4.1.74.Final.jar, jar org = io.netty, entry target = META-INF/io.netty.versions.properties
[error]   Jar name = netty-transport-classes-epoll-4.1.74.Final.jar, jar org = io.netty, entry target = META-INF/io.netty.versions.properties
[error]   Jar name = netty-transport-classes-kqueue-4.1.74.Final.jar, jar org = io.netty, entry target = META-INF/io.netty.versions.properties
[error]   Jar name = netty-transport-native-epoll-4.1.74.Final.jar, jar org = io.netty, entry target = META-INF/io.netty.versions.properties
[error]   Jar name = netty-transport-native-epoll-4.1.74.Final.jar, jar org = io.netty, entry target = META-INF/io.netty.versions.properties
[error]   Jar name = netty-transport-native-epoll-4.1.74.Final.jar, jar org = io.netty, entry target = META-INF/io.netty.versions.properties
[error]   Jar name = netty-transport-native-kqueue-4.1.74.Final.jar, jar org = io.netty, entry target = META-INF/io.netty.versions.properties
[error]   Jar name = netty-transport-native-kqueue-4.1.74.Final.jar, jar org = io.netty, entry target = META-INF/io.netty.versions.properties
[error]   Jar name = netty-transport-native-unix-common-4.1.74.Final.jar, jar org = io.netty, entry target = META-INF/io.netty.versions.properties
[error]   Jar name = netty-transport-4.1.74.Final.jar, jar org = io.netty, entry target = META-INF/io.netty.versions.properties
[error] Deduplicate found different file contents in the following:
[error]   Jar name = arrow-format-7.0.0.jar, jar org = org.apache.arrow, entry target = git.properties
[error]   Jar name = arrow-memory-core-7.0.0.jar, jar org = org.apache.arrow, entry target = git.properties
[error]   Jar name = arrow-memory-netty-7.0.0.jar, jar org = org.apache.arrow, entry target = git.properties
[error]   Jar name = arrow-vector-7.0.0.jar, jar org = org.apache.arrow, entry target = git.properties
[error] Deduplicate found different file contents in the following:
[error]   Jar name = log4j-1.2-api-2.17.2.jar, jar org = org.apache.logging.log4j, entry target = META-INF/org/apache/logging/log4j/core/config/plugins/Log4j2Plugins.dat
[error]   Jar name = log4j-core-2.17.2.jar, jar org = org.apache.logging.log4j, entry target = META-INF/org/apache/logging/log4j/core/config/plugins/Log4j2Plugins.dat
[error] 	at sbtassembly.Assembly$.merge(Assembly.scala:628)
[error] 	at sbtassembly.Assembly$.$anonfun$assemble$36(Assembly.scala:330)
[error] 	at sbtassembly.Assembly$.timed$1(Assembly.scala:228)
[error] 	at sbtassembly.Assembly$.$anonfun$assemble$35(Assembly.scala:329)
[error] 	at sbtassembly.Assembly$.$anonfun$cachedAssembly$2(Assembly.scala:527)
[error] 	at sbt.util.Tracked$.$anonfun$lastOutput$1(Tracked.scala:74)
[error] 	at sbtassembly.Assembly$.cachedAssembly(Assembly.scala:531)
[error] 	at sbtassembly.Assembly$.assemble(Assembly.scala:414)
[error] 	at sbtassembly.Assembly$.$anonfun$assemblyTask$1(Assembly.scala:196)
[error] 	at scala.Function1.$anonfun$compose$1(Function1.scala:49)
[error] 	at sbt.internal.util.$tilde$greater.$anonfun$$u2219$1(TypeFunctions.scala:63)
[error] 	at sbt.std.Transform$$anon$4.work(Transform.scala:69)
[error] 	at sbt.Execute.$anonfun$submit$2(Execute.scala:283)
[error] 	at sbt.internal.util.ErrorHandling$.wideConvert(ErrorHandling.scala:24)
[error] 	at sbt.Execute.work(Execute.scala:292)
[error] 	at sbt.Execute.$anonfun$submit$1(Execute.scala:283)
[error] 	at sbt.ConcurrentRestrictions$$anon$4.$anonfun$submitValid$1(ConcurrentRestrictions.scala:265)
[error] 	at sbt.CompletionService$$anon$2.call(CompletionService.scala:65)
[error] 	at java.base/java.util.concurrent.FutureTask.run(FutureTask.java:317)
[error] 	at java.base/java.util.concurrent.Executors$RunnableAdapter.call(Executors.java:572)
[error] 	at java.base/java.util.concurrent.FutureTask.run(FutureTask.java:317)
[error] 	at java.base/java.util.concurrent.ThreadPoolExecutor.runWorker(ThreadPoolExecutor.java:1144)
[error] 	at java.base/java.util.concurrent.ThreadPoolExecutor$Worker.run(ThreadPoolExecutor.java:642)
[error] 	at java.base/java.lang.Thread.run(Thread.java:1575)
[error] (assembly) 
[error] Deduplicate found different file contents in the following:
[error]   Jar name = commons-logging-1.1.3.jar, jar org = commons-logging, entry target = org/apache/commons/logging/impl/SimpleLog$1.class
[error]   Jar name = jcl-over-slf4j-1.7.32.jar, jar org = org.slf4j, entry target = org/apache/commons/logging/impl/SimpleLog$1.class
[error] Deduplicate found different file contents in the following:
[error]   Jar name = commons-logging-1.1.3.jar, jar org = commons-logging, entry target = org/apache/commons/logging/Log.class
[error]   Jar name = jcl-over-slf4j-1.7.32.jar, jar org = org.slf4j, entry target = org/apache/commons/logging/Log.class
[error] Deduplicate found different file contents in the following:
[error]   Jar name = commons-logging-1.1.3.jar, jar org = commons-logging, entry target = org/apache/commons/logging/impl/NoOpLog.class
[error]   Jar name = jcl-over-slf4j-1.7.32.jar, jar org = org.slf4j, entry target = org/apache/commons/logging/impl/NoOpLog.class
[error] Deduplicate found different file contents in the following:
[error]   Jar name = jackson-annotations-2.13.3.jar, jar org = com.fasterxml.jackson.core, entry target = module-info.class
[error]   Jar name = gson-2.8.6.jar, jar org = com.google.code.gson, entry target = module-info.class
[error]   Jar name = compress-lzf-1.1.jar, jar org = com.ning, entry target = module-info.class
[error]   Jar name = jakarta.ws.rs-api-2.1.6.jar, jar org = jakarta.ws.rs, entry target = module-info.class
[error]   Jar name = threeten-extra-1.5.0.jar, jar org = org.threeten, entry target = module-info.class
[error] Deduplicate found different file contents in the following:
[error]   Jar name = spark-catalyst_2.12-3.3.0.jar, jar org = org.apache.spark, entry target = org/apache/spark/unused/UnusedStubClass.class
[error]   Jar name = spark-core_2.12-3.3.0.jar, jar org = org.apache.spark, entry target = org/apache/spark/unused/UnusedStubClass.class
[error]   Jar name = spark-kvstore_2.12-3.3.0.jar, jar org = org.apache.spark, entry target = org/apache/spark/unused/UnusedStubClass.class
[error]   Jar name = spark-launcher_2.12-3.3.0.jar, jar org = org.apache.spark, entry target = org/apache/spark/unused/UnusedStubClass.class
[error]   Jar name = spark-network-common_2.12-3.3.0.jar, jar org = org.apache.spark, entry target = org/apache/spark/unused/UnusedStubClass.class
[error]   Jar name = spark-network-shuffle_2.12-3.3.0.jar, jar org = org.apache.spark, entry target = org/apache/spark/unused/UnusedStubClass.class
[error]   Jar name = spark-sketch_2.12-3.3.0.jar, jar org = org.apache.spark, entry target = org/apache/spark/unused/UnusedStubClass.class
[error]   Jar name = spark-sql_2.12-3.3.0.jar, jar org = org.apache.spark, entry target = org/apache/spark/unused/UnusedStubClass.class
[error]   Jar name = spark-tags_2.12-3.3.0.jar, jar org = org.apache.spark, entry target = org/apache/spark/unused/UnusedStubClass.class
[error]   Jar name = spark-unsafe_2.12-3.3.0.jar, jar org = org.apache.spark, entry target = org/apache/spark/unused/UnusedStubClass.class
[error]   Jar name = unused-1.0.0.jar, jar org = org.spark-project.spark, entry target = org/apache/spark/unused/UnusedStubClass.class
[error] Deduplicate found different file contents in the following:
[error]   Jar name = commons-logging-1.1.3.jar, jar org = commons-logging, entry target = org/apache/commons/logging/LogFactory.class
[error]   Jar name = jcl-over-slf4j-1.7.32.jar, jar org = org.slf4j, entry target = org/apache/commons/logging/LogFactory.class
[error] Deduplicate found different file contents in the following:
[error]   Jar name = commons-logging-1.1.3.jar, jar org = commons-logging, entry target = org/apache/commons/logging/LogConfigurationException.class
[error]   Jar name = jcl-over-slf4j-1.7.32.jar, jar org = org.slf4j, entry target = org/apache/commons/logging/LogConfigurationException.class
[error] Deduplicate found different file contents in the following:
[error]   Jar name = commons-logging-1.1.3.jar, jar org = commons-logging, entry target = org/apache/commons/logging/impl/SimpleLog.class
[error]   Jar name = jcl-over-slf4j-1.7.32.jar, jar org = org.slf4j, entry target = org/apache/commons/logging/impl/SimpleLog.class
[error] Deduplicate found different file contents in the following:
[error]   Jar name = jakarta.annotation-api-1.3.5.jar, jar org = jakarta.annotation, entry target = javax/annotation/Resource$AuthenticationType.class
[error]   Jar name = javax.annotation-api-1.3.2.jar, jar org = javax.annotation, entry target = javax/annotation/Resource$AuthenticationType.class
[error] Deduplicate found different file contents in the following:
[error]   Jar name = jackson-core-2.13.3.jar, jar org = com.fasterxml.jackson.core, entry target = META-INF/versions/9/module-info.class
[error]   Jar name = jackson-databind-2.13.3.jar, jar org = com.fasterxml.jackson.core, entry target = META-INF/versions/9/module-info.class
[error]   Jar name = log4j-api-2.17.2.jar, jar org = org.apache.logging.log4j, entry target = META-INF/versions/9/module-info.class
[error]   Jar name = xz-1.9.jar, jar org = org.tukaani, entry target = META-INF/versions/9/module-info.class
[error] Deduplicate found different file contents in the following:
[error]   Jar name = netty-all-4.1.74.Final.jar, jar org = io.netty, entry target = META-INF/io.netty.versions.properties
[error]   Jar name = netty-buffer-4.1.74.Final.jar, jar org = io.netty, entry target = META-INF/io.netty.versions.properties
[error]   Jar name = netty-codec-4.1.74.Final.jar, jar org = io.netty, entry target = META-INF/io.netty.versions.properties
[error]   Jar name = netty-common-4.1.74.Final.jar, jar org = io.netty, entry target = META-INF/io.netty.versions.properties
[error]   Jar name = netty-handler-4.1.74.Final.jar, jar org = io.netty, entry target = META-INF/io.netty.versions.properties
[error]   Jar name = netty-resolver-4.1.74.Final.jar, jar org = io.netty, entry target = META-INF/io.netty.versions.properties
[error]   Jar name = netty-transport-classes-epoll-4.1.74.Final.jar, jar org = io.netty, entry target = META-INF/io.netty.versions.properties
[error]   Jar name = netty-transport-classes-kqueue-4.1.74.Final.jar, jar org = io.netty, entry target = META-INF/io.netty.versions.properties
[error]   Jar name = netty-transport-native-epoll-4.1.74.Final.jar, jar org = io.netty, entry target = META-INF/io.netty.versions.properties
[error]   Jar name = netty-transport-native-epoll-4.1.74.Final.jar, jar org = io.netty, entry target = META-INF/io.netty.versions.properties
[error]   Jar name = netty-transport-native-epoll-4.1.74.Final.jar, jar org = io.netty, entry target = META-INF/io.netty.versions.properties
[error]   Jar name = netty-transport-native-kqueue-4.1.74.Final.jar, jar org = io.netty, entry target = META-INF/io.netty.versions.properties
[error]   Jar name = netty-transport-native-kqueue-4.1.74.Final.jar, jar org = io.netty, entry target = META-INF/io.netty.versions.properties
[error]   Jar name = netty-transport-native-unix-common-4.1.74.Final.jar, jar org = io.netty, entry target = META-INF/io.netty.versions.properties
[error]   Jar name = netty-transport-4.1.74.Final.jar, jar org = io.netty, entry target = META-INF/io.netty.versions.properties
[error] Deduplicate found different file contents in the following:
[error]   Jar name = arrow-format-7.0.0.jar, jar org = org.apache.arrow, entry target = git.properties
[error]   Jar name = arrow-memory-core-7.0.0.jar, jar org = org.apache.arrow, entry target = git.properties
[error]   Jar name = arrow-memory-netty-7.0.0.jar, jar org = org.apache.arrow, entry target = git.properties
[error]   Jar name = arrow-vector-7.0.0.jar, jar org = org.apache.arrow, entry target = git.properties
[error] Deduplicate found different file contents in the following:
[error]   Jar name = log4j-1.2-api-2.17.2.jar, jar org = org.apache.logging.log4j, entry target = META-INF/org/apache/logging/log4j/core/config/plugins/Log4j2Plugins.dat
[error]   Jar name = log4j-core-2.17.2.jar, jar org = org.apache.logging.log4j, entry target = META-INF/org/apache/logging/log4j/core/config/plugins/Log4j2Plugins.dat
[error] Total time: 30 s, completed Oct 9, 2024, 3:34:57 PM
[debug] > Exec(idea-shell, None, None)
