[debug] > Exec(early(addDefaultCommands), None, None)
[debug] > Exec(addDefaultCommands, None, None)
[debug] > Exec(early(initialize), None, None)
[debug] > Exec(initialize, None, None)
[debug] > Exec(boot, None, None)
[debug] > Exec(writeSbtVersion, None, None)
[debug] > Exec(reload, None, None)
[debug] > Exec(sbtStashOnFailure, None, None)
[debug] > Exec(onFailure loadFailed, None, None)
[debug] > Exec(loadp, None, None)
[info] welcome to sbt 1.10.1 (Oracle Corporation Java 1.8.0_421)
[debug] Load.defaultLoad until apply took 151.7507ms
[debug]           Load.loadUnit: plugins took 108.3944ms
[debug]           Load.loadUnit: defsScala took 0.4294ms
[debug] [Loading] Scanning directory D:\ScalaAirflowPro\airflow\jobs\BigDataProjDeltaScala\project
[debug]             Load.loadUnit: mkEval took 11.4034ms
[debug] [Loading] Found non-root projects 
[debug] [Loading] Done in D:\ScalaAirflowPro\airflow\jobs\BigDataProjDeltaScala\project, returning: ()
[debug] deducing auto plugins based on known facts Set(Atom(sbt.plugins.CorePlugin)) and clauses Clauses(Clause(Atom(sbt.plugins.JvmPlugin),Set(Atom(sbt.plugins.IvyPlugin)))
[debug] Clause(Atom(sbt.ScriptedPlugin),Set(Atom(sbt.plugins.JvmPlugin)))
[debug] Clause(Atom(sbt.plugins.SbtPlugin),Set(Atom(sbt.ScriptedPlugin)))
[debug] Clause(Atom(sbt.plugins.SemanticdbPlugin),Set(Atom(sbt.plugins.JvmPlugin)))
[debug] Clause(Atom(sbt.plugins.JUnitXmlReportPlugin),Set(Atom(sbt.plugins.JvmPlugin)))
[debug] Clause(Atom(sbt.plugins.MiniDependencyTreePlugin),Set(Atom(sbt.plugins.JvmPlugin)))
[debug] Clause(Atom(sbt.plugins.CorePlugin),Set(Atom(sbt.plugins.IvyPlugin)))
[debug] Clause(Atom(sbt.plugins.IvyPlugin),Set(Atom(sbt.plugins.JvmPlugin)))
[debug] Clause(Atom(sbt.plugins.JvmPlugin),Set(Atom(sbt.plugins.SemanticdbPlugin)))
[debug] Clause(Atom(sbt.plugins.JvmPlugin),Set(Atom(sbt.plugins.JUnitXmlReportPlugin)))
[debug] Clause(Atom(sbt.plugins.CorePlugin),Set(Atom(sbt.plugins.Giter8TemplatePlugin)))
[debug] Clause(Atom(sbt.plugins.JvmPlugin),Set(Atom(sbt.plugins.MiniDependencyTreePlugin))))
[debug]   :: deduced result: Matched(sbt.plugins.CorePlugin,sbt.plugins.Giter8TemplatePlugin,sbt.plugins.IvyPlugin,sbt.plugins.JvmPlugin,sbt.plugins.MiniDependencyTreePlugin,sbt.plugins.JUnitXmlReportPlugin,sbt.plugins.SemanticdbPlugin)
[debug] Plugins.deducer#function took 36.3052 ms
[info] loading settings for project bigdataprojdeltascala-build from plugins.sbt ...
[debug]               Load.resolveProject(bigdataprojdeltascala-build) took 93.3745ms
[debug]             Load.loadTransitive: finalizeProject(Project(id bigdataprojdeltascala-build, base: D:\ScalaAirflowPro\airflow\jobs\BigDataProjDeltaScala\project, plugins: List(<none>))) took 181.5135ms
[debug] [Loading] Done in D:\ScalaAirflowPro\airflow\jobs\BigDataProjDeltaScala\project, returning: (bigdataprojdeltascala-build)
[debug]           Load.loadUnit: loadedProjectsRaw took 1042.2138ms
[debug]           Load.loadUnit: cleanEvalClasses took 10.0835ms
[debug]         Load.loadUnit(file:/D:/ScalaAirflowPro/airflow/jobs/BigDataProjDeltaScala/project/, ...) took 1168.4543ms
[debug]       Load.apply: load took 1351.4536ms
[debug]       Load.apply: resolveProjects took 6.4222ms
[debug]       Load.apply: finalTransforms took 64.9026ms
[debug]       Load.apply: config.delegates took 8.4212ms
[debug]       Load.apply: Def.make(settings)... took 568.0407ms
[debug]       Load.apply: structureIndex took 121.5259ms
[debug]       Load.apply: mkStreams took 1.7406ms
[info] loading project definition from D:\ScalaAirflowPro\airflow\jobs\BigDataProjDeltaScala\project
[debug] Running task... Cancel: Signal, check cycles: false, forcegc: true
[debug]     Load.loadUnit: plugins took 3405.9574ms
[debug]     Load.loadUnit: defsScala took 0.0042ms
[debug] [Loading] Scanning directory D:\ScalaAirflowPro\airflow\jobs\BigDataProjDeltaScala
[debug]       Load.loadUnit: mkEval took 0.2616ms
[debug] [Loading] Found root project root w/ remaining 
[debug] deducing auto plugins based on known facts Set(Atom(sbt.plugins.CorePlugin)) and clauses Clauses(Clause(Atom(sbt.plugins.JvmPlugin),Set(Atom(sbt.plugins.IvyPlugin)))
[debug] Clause(Atom(sbt.ScriptedPlugin),Set(Atom(sbt.plugins.JvmPlugin)))
[debug] Clause(Atom(sbt.plugins.SbtPlugin),Set(Atom(sbt.ScriptedPlugin)))
[debug] Clause(Atom(sbt.plugins.SemanticdbPlugin),Set(Atom(sbt.plugins.JvmPlugin)))
[debug] Clause(Atom(sbt.plugins.JUnitXmlReportPlugin),Set(Atom(sbt.plugins.JvmPlugin)))
[debug] Clause(Atom(sbt.plugins.MiniDependencyTreePlugin),Set(Atom(sbt.plugins.JvmPlugin)))
[debug] Clause(Atom(sbtassembly.AssemblyPlugin),Set(Atom(sbt.plugins.JvmPlugin)))
[debug] Clause(Atom(sbt.plugins.CorePlugin),Set(Atom(sbt.plugins.IvyPlugin)))
[debug] Clause(Atom(sbt.plugins.IvyPlugin),Set(Atom(sbt.plugins.JvmPlugin)))
[debug] Clause(Atom(sbt.plugins.JvmPlugin),Set(Atom(sbt.plugins.SemanticdbPlugin)))
[debug] Clause(Atom(sbt.plugins.JvmPlugin),Set(Atom(sbt.plugins.JUnitXmlReportPlugin)))
[debug] Clause(Atom(sbt.plugins.CorePlugin),Set(Atom(sbt.plugins.Giter8TemplatePlugin)))
[debug] Clause(Atom(sbt.plugins.JvmPlugin),Set(Atom(sbt.plugins.MiniDependencyTreePlugin)))
[debug] Clause(Atom(sbt.plugins.JvmPlugin),Set(Atom(sbtassembly.AssemblyPlugin))))
[debug]   :: deduced result: Matched(sbt.plugins.CorePlugin,sbt.plugins.Giter8TemplatePlugin,sbt.plugins.IvyPlugin,sbt.plugins.JvmPlugin,sbtassembly.AssemblyPlugin,sbt.plugins.MiniDependencyTreePlugin,sbt.plugins.JUnitXmlReportPlugin,sbt.plugins.SemanticdbPlugin)
[debug] Plugins.deducer#function took 3.2054 ms
[info] loading settings for project root from build.sbt ...
[debug]         Load.resolveProject(root) took 41.1074ms
[debug]       Load.loadTransitive: finalizeProject(Project(id root, base: D:\ScalaAirflowPro\airflow\jobs\BigDataProjDeltaScala, plugins: List(<none>))) took 45.7473ms
[debug] [Loading] Done in D:\ScalaAirflowPro\airflow\jobs\BigDataProjDeltaScala, returning: (root)
[debug]     Load.loadUnit: loadedProjectsRaw took 2242.9254ms
[debug]     Load.loadUnit: cleanEvalClasses took 4.0176ms
[debug]   Load.loadUnit(file:/D:/ScalaAirflowPro/airflow/jobs/BigDataProjDeltaScala/, ...) took 5654.7538ms
[debug] Load.apply: load took 5688.0827ms
[debug] Load.apply: resolveProjects took 0.2266ms
[debug] Load.apply: finalTransforms took 12.3621ms
[debug] Load.apply: config.delegates took 0.4317ms
[debug] Load.apply: Def.make(settings)... took 125.4524ms
[debug] Load.apply: structureIndex took 33.9403ms
[debug] Load.apply: mkStreams took 0.003ms
[info] set current project to BigDataProjectScalaAirflow (in build file:/D:/ScalaAirflowPro/airflow/jobs/BigDataProjDeltaScala/)
[debug] > Exec(sbtPopOnFailure, None, None)
[debug] > Exec(resumeFromFailure, None, None)
[debug] > Exec(notifyUsersAboutShell, None, None)
[debug] > Exec(iflast shell, None, None)
[debug] > Exec(shell, None, None)
[info] sbt server started at local:sbt-server-642f4025a37a75ab1ad3
[debug] Writing bsp connection file
[info] started sbt server
